<?xml version="1.0" encoding="UTF-8"?>
<!-- Generated by org.testng.reporters.JUnitReportReporter -->
<testsuite hostname="LAPTOP-KF94C6EK" failures="0" tests="1" name="computer.TC006_Test" time="3.058" errors="0" timestamp="2024-12-21T16:18:07 IST" skipped="0">
  <testcase classname="computer.TC006_Test" name="clickOnComputers" time="3.058"/>
  <system-out/>
</testsuite> <!-- computer.TC006_Test -->
