<?xml version="1.0" encoding="UTF-8"?>
<!-- Generated by org.testng.reporters.JUnitReportReporter -->
<testsuite hostname="LAPTOP-KF94C6EK" failures="0" tests="1" name="giftcards.TC007_Test" time="2.605" errors="0" timestamp="2024-12-20T17:39:44 IST" skipped="0">
  <testcase classname="giftcards.TC007_Test" name="clickOnGiftcards" time="2.605"/>
  <system-out/>
</testsuite> <!-- giftcards.TC007_Test -->
